<?xml version="1.0" encoding="UTF-8"?>
<testsuite name="com.exaaaample.routes.CreateUserRouteTest" tests="4" skipped="0" failures="0" errors="0" timestamp="2021-11-27T17:04:10" hostname="TakahironoMacBook-Pro.local" time="2.731">
  <properties/>
  <testcase name="Create user, email is empty, responds with unsuccessful" classname="com.exaaaample.routes.CreateUserRouteTest" time="2.519"/>
  <testcase name="Create user, user already exists, responds with unsuccessful" classname="com.exaaaample.routes.CreateUserRouteTest" time="0.021"/>
  <testcase name="Create user, no body attached, responds BadRequest" classname="com.exaaaample.routes.CreateUserRouteTest" time="0.174"/>
  <testcase name="Create user, valid data, responds with successful" classname="com.exaaaample.routes.CreateUserRouteTest" time="0.016"/>
  <system-out><![CDATA[2021-11-28 02:04:11.035 [Test worker @coroutine#1] INFO  ktor.test - Autoreload is disabled because the development mode is off.
2021-11-28 02:04:11.065 [Test worker @coroutine#1] INFO  ktor.test - Application started in 0.202 seconds.
2021-11-28 02:04:12.536 [Test worker @coroutine#6] INFO  ktor.test - Autoreload is disabled because the development mode is off.
2021-11-28 02:04:12.537 [Test worker @coroutine#6] INFO  ktor.test - Application started in 0.001 seconds.
2021-11-28 02:04:12.549 [Test worker] INFO  ktor.test - Autoreload is disabled because the development mode is off.
2021-11-28 02:04:12.550 [Test worker] INFO  ktor.test - Application started in 0.001 seconds.
2021-11-28 02:04:12.619 [DefaultDispatcher-worker-1 @request#11] DEBUG ktor.test - Conversion failed, null returned
io.ktor.features.CannotTransformContentToTypeException: Cannot transform this request's content to com.exaaaample.data.requests.AccountAuthRequest
	at io.ktor.request.ApplicationReceiveFunctionsKt.receive(ApplicationReceiveFunctions.kt:121)
	at io.ktor.request.ApplicationReceiveFunctionsKt.receiveOrNull(ApplicationReceiveFunctions.kt:135)
	at com.exaaaample.routes.UserRoutesKt$createUserRoute$1$1.invokeSuspend(UserRoutes.kt:77)
	at com.exaaaample.routes.UserRoutesKt$createUserRoute$1$1.invoke(UserRoutes.kt)
	at com.exaaaample.routes.UserRoutesKt$createUserRoute$1$1.invoke(UserRoutes.kt)
	at io.ktor.util.pipeline.SuspendFunctionGun.loop(SuspendFunctionGun.kt:248)
	at io.ktor.util.pipeline.SuspendFunctionGun.proceed(SuspendFunctionGun.kt:116)
	at io.ktor.util.pipeline.SuspendFunctionGun.execute(SuspendFunctionGun.kt:136)
	at io.ktor.util.pipeline.Pipeline.execute(Pipeline.kt:78)
	at io.ktor.routing.Routing.executeResult(Routing.kt:155)
	at io.ktor.routing.Routing.interceptor(Routing.kt:39)
	at io.ktor.routing.Routing$Feature$install$1.invokeSuspend(Routing.kt:107)
	at io.ktor.routing.Routing$Feature$install$1.invoke(Routing.kt)
	at io.ktor.routing.Routing$Feature$install$1.invoke(Routing.kt)
	at io.ktor.util.pipeline.SuspendFunctionGun.loop(SuspendFunctionGun.kt:248)
	at io.ktor.util.pipeline.SuspendFunctionGun.proceed(SuspendFunctionGun.kt:116)
	at io.ktor.util.pipeline.SuspendFunctionGun.execute(SuspendFunctionGun.kt:136)
	at io.ktor.util.pipeline.Pipeline.execute(Pipeline.kt:78)
	at io.ktor.server.testing.TestApplicationEngine$callInterceptor$1.invokeSuspend(TestApplicationEngine.kt:296)
	at io.ktor.server.testing.TestApplicationEngine$callInterceptor$1.invoke(TestApplicationEngine.kt)
	at io.ktor.server.testing.TestApplicationEngine$callInterceptor$1.invoke(TestApplicationEngine.kt)
	at io.ktor.server.testing.TestApplicationEngine$2.invokeSuspend(TestApplicationEngine.kt:50)
	at io.ktor.server.testing.TestApplicationEngine$2.invoke(TestApplicationEngine.kt)
	at io.ktor.server.testing.TestApplicationEngine$2.invoke(TestApplicationEngine.kt)
	at io.ktor.util.pipeline.SuspendFunctionGun.loop(SuspendFunctionGun.kt:248)
	at io.ktor.util.pipeline.SuspendFunctionGun.proceed(SuspendFunctionGun.kt:116)
	at io.ktor.util.pipeline.SuspendFunctionGun.execute(SuspendFunctionGun.kt:136)
	at io.ktor.util.pipeline.Pipeline.execute(Pipeline.kt:78)
	at io.ktor.server.testing.TestApplicationEngine$handleRequest$pipelineJob$1.invokeSuspend(TestApplicationEngine.kt:295)
	at kotlin.coroutines.jvm.internal.BaseContinuationImpl.resumeWith(ContinuationImpl.kt:33)
	at kotlinx.coroutines.DispatchedTask.run(DispatchedTask.kt:106)
	at kotlinx.coroutines.scheduling.CoroutineScheduler.runSafely(CoroutineScheduler.kt:571)
	at kotlinx.coroutines.scheduling.CoroutineScheduler$Worker.executeTask(CoroutineScheduler.kt:750)
	at kotlinx.coroutines.scheduling.CoroutineScheduler$Worker.runWorker(CoroutineScheduler.kt:678)
	at kotlinx.coroutines.scheduling.CoroutineScheduler$Worker.run(CoroutineScheduler.kt:665)
2021-11-28 02:04:12.725 [Test worker @coroutine#13] INFO  ktor.test - Autoreload is disabled because the development mode is off.
2021-11-28 02:04:12.726 [Test worker @coroutine#13] INFO  ktor.test - Application started in 0.001 seconds.
]]></system-out>
  <system-err><![CDATA[]]></system-err>
</testsuite>
